Looking for git in: git
Using git 2.32.0 from git
> git rev-parse --git-dir
Open repository: /home/archie/gitclones/Prismatic-Night
> git status -z -u
> git symbolic-ref --short HEAD
> git for-each-ref --format=%(refname)%00%(upstream:short)%00%(objectname)%00%(upstream:track) refs/heads/master refs/remotes/master
> git for-each-ref --sort -committerdate --format %(refname) %(objectname) %(*objectname)
> git remote --verbose
Warning: Failed to watch ref '/home/archie/gitclones/Prismatic-Night/.git/refs/remotes/origin/master', is most likely packed.
> git config --get commit.template
> git check-ignore -v -z --stdin
> git show --textconv :firefox/newtab/mozilla.cfg
> git ls-files --stage -- /home/archie/gitclones/Prismatic-Night/firefox/newtab/mozilla.cfg
> git cat-file -s 04848b7eb0ff927299e8f9127144a1b79ef055af
> git status -z -u
> git symbolic-ref --short HEAD
> git for-each-ref --format=%(refname)%00%(upstream:short)%00%(objectname)%00%(upstream:track) refs/heads/master refs/remotes/master
> git for-each-ref --sort -committerdate --format %(refname) %(objectname) %(*objectname)
> git remote --verbose
Warning: Failed to watch ref '/home/archie/gitclones/Prismatic-Night/.git/refs/remotes/origin/master', is most likely packed.
> git config --get commit.template
