00:00:00.001680 VirtualBox DHCP Server 6.1.24 r145751 linux.amd64 (Jul 20 2021 19:23:17) release log
00:00:00.001682 Log opened 2021-07-23T20:17:02.035504000Z
00:00:00.001683 Build Type: release
00:00:00.001685 OS Product: Linux
00:00:00.001685 OS Release: 5.13.4-arch1-1
00:00:00.001686 OS Version: #1 SMP PREEMPT Tue, 20 Jul 2021 16:58:51 +0000
00:00:00.001706 DMI Product Name: Fusion Gamer
00:00:00.001713 DMI Product Version: System Version
00:00:00.001717 Firmware type: UEFI
00:00:00.002179 Secure Boot: Disabled
00:00:00.002215 Host RAM: 11904MB (11.6GB) total, 8245MB (8.0GB) available
00:00:00.002218 Executable: /usr/lib/virtualbox/VBoxNetDHCP
00:00:00.002218 Process ID: 46431
00:00:00.002219 Package type: LINUX_64BITS_GENERIC (OSE)
00:00:00.002236 --config:  HostInterfaceNetworking-vboxnet0
00:00:00.002239 --comment: HostInterfaceNetworking-vboxnet0
00:00:00.002321 IP address:   192.168.56.100/24
00:00:00.002325 Address pool: 192.168.56.101 - 192.168.56.254
00:00:00.002354 MAC address is not specified: will use generated MAC 08:00:27:57:e5:96
00:00:00.002358 Db::i_enterFixedAddressAssignment: 08:00:27:57:e5:96: 192.168.56.100
00:00:00.002362 loading leases from /home/archie/.config/VirtualBox/HostInterfaceNetworking-vboxnet0-Dhcpd.leases
00:00:00.002390 > LOAD: EXPIRED lease 192.168.56.101 to 08:00:27:eb:91:44, acked, valid from 2021-07-23T20:14:04Z for 600s until 2021-07-23T20:24:04Z
00:00:06.235246 DISCOVER xid 0x00000b8e chaddr 08:00:27:fc:39:bc
00:00:06.235284  ciaddr 0.0.0.0
00:00:06.235289  params { 1 3 6 28 }
00:00:06.235300 > allocateAddress to client 08:00:27:fc:39:bc
00:00:06.235306 > .... creating new binding
00:00:06.235307 > .... allocated 192.168.56.102 free
00:00:06.235311 Lease time 600 secs (default)
00:00:06.235317 >>> requested option 1 (SubnetMask)
00:00:06.235319 ... always supplied
00:00:06.235321 >>> requested option 3 (Routers)
00:00:06.235323 ... not found
00:00:06.235325 >>> requested option 6 (DNSes)
00:00:06.235326 ... not found
00:00:06.235328 >>> requested option 28 (BroadcastAddress)
00:00:06.235330 ... not found
00:00:06.235333 encoding option 1 (SubnetMask)
00:00:06.235335 encoding option 51 (LeaseTime)
00:00:06.235338 OFFER xid 0x00000b8e chaddr 08:00:27:fc:39:bc
00:00:06.235343  ciaddr 0.0.0.0 yiaddr 192.168.56.102
00:00:06.235349 encoded message: 548 bytes
00:00:06.235351 00007f0d38001370/0000: 02 01 06 00 8e 0b 00 00-00 00 00 00 00 00 00 00 ................
00:00:06.235360 00007f0d38001380/0010: c0 a8 38 66 00 00 00 00-00 00 00 00 08 00 27 fc ..8f..........'.
00:00:06.235363 00007f0d38001390/0020: 39 bc 00 00 00 00 00 00-00 00 00 00 00 00 00 00 9...............
00:00:06.235365 00007f0d380013a0/0030: 00 00 00 00 00 00 00 00-00 00 00 00 00 00 00 00 ................
00:00:06.235367 00007f0d380013b0/0040: 00 00 00 00 00 00 00 00-00 00 00 00 00 00 00 00 ................
00:00:06.235369 00007f0d380013c0/0050: 00 00 00 00 00 00 00 00-00 00 00 00 00 00 00 00 ................
00:00:06.235370 00007f0d380013d0/0060: 00 00 00 00 00 00 00 00-00 00 00 00 00 00 00 00 ................
00:00:06.235372 00007f0d380013e0/0070: 00 00 00 00 00 00 00 00-00 00 00 00 00 00 00 00 ................
00:00:06.235374 00007f0d380013f0/0080: 00 00 00 00 00 00 00 00-00 00 00 00 00 00 00 00 ................
00:00:06.235376 00007f0d38001400/0090: 00 00 00 00 00 00 00 00-00 00 00 00 00 00 00 00 ................
00:00:06.235378 00007f0d38001410/00a0: 00 00 00 00 00 00 00 00-00 00 00 00 00 00 00 00 ................
00:00:06.235379 00007f0d38001420/00b0: 00 00 00 00 00 00 00 00-00 00 00 00 00 00 00 00 ................
00:00:06.235381 00007f0d38001430/00c0: 00 00 00 00 00 00 00 00-00 00 00 00 00 00 00 00 ................
00:00:06.235383 00007f0d38001440/00d0: 00 00 00 00 00 00 00 00-00 00 00 00 00 00 00 00 ................
00:00:06.235385 00007f0d38001450/00e0: 00 00 00 00 00 00 00 00-00 00 00 00 63 82 53 63 ............c.Sc
00:00:06.235387 00007f0d38001460/00f0: 36 04 c0 a8 38 64 35 01-02 01 04 ff ff ff 00 33 6...8d5........3
00:00:06.235389 00007f0d38001470/0100: 04 00 00 02 58 ff 00 00-00 00 00 00 00 00 00 00 ....X...........
00:00:06.235391 00007f0d38001480/0110: 00 00 00 00 00 00 00 00-00 00 00 00 00 00 00 00 ................
00:00:06.235393 00007f0d38001490/0120: 00 00 00 00 00 00 00 00-00 00 00 00 00 00 00 00 ................
00:00:06.235394 00007f0d380014a0/0130: 00 00 00 00 00 00 00 00-00 00 00 00 00 00 00 00 ................
00:00:06.235396 00007f0d380014b0/0140: 00 00 00 00 00 00 00 00-00 00 00 00 00 00 00 00 ................
00:00:06.235398 00007f0d380014c0/0150: 00 00 00 00 00 00 00 00-00 00 00 00 00 00 00 00 ................
00:00:06.235400 00007f0d380014d0/0160: 00 00 00 00 00 00 00 00-00 00 00 00 00 00 00 00 ................
00:00:06.235402 00007f0d380014e0/0170: 00 00 00 00 00 00 00 00-00 00 00 00 00 00 00 00 ................
00:00:06.235403 00007f0d380014f0/0180: 00 00 00 00 00 00 00 00-00 00 00 00 00 00 00 00 ................
00:00:06.235405 00007f0d38001500/0190: 00 00 00 00 00 00 00 00-00 00 00 00 00 00 00 00 ................
00:00:06.235407 00007f0d38001510/01a0: 00 00 00 00 00 00 00 00-00 00 00 00 00 00 00 00 ................
00:00:06.235409 00007f0d38001520/01b0: 00 00 00 00 00 00 00 00-00 00 00 00 00 00 00 00 ................
00:00:06.235411 00007f0d38001530/01c0: 00 00 00 00 00 00 00 00-00 00 00 00 00 00 00 00 ................
00:00:06.235412 00007f0d38001540/01d0: 00 00 00 00 00 00 00 00-00 00 00 00 00 00 00 00 ................
00:00:06.235414 00007f0d38001550/01e0: 00 00 00 00 00 00 00 00-00 00 00 00 00 00 00 00 ................
00:00:06.235416 00007f0d38001560/01f0: 00 00 00 00 00 00 00 00-00 00 00 00 00 00 00 00 ................
00:00:06.235418 00007f0d38001570/0200: 00 00 00 00 00 00 00 00-00 00 00 00 00 00 00 00 ................
00:00:06.235420 00007f0d38001580/0210: 00 00 00 00 00 00 00 00-00 00 00 00 00 00 00 00 ................
00:00:06.235422 00007f0d38001590/0220: 00 00 00 00                                     ....
00:00:06.235721 REQUEST xid 0x00000b8f chaddr 08:00:27:fc:39:bc
00:00:06.235734  ciaddr 0.0.0.0
00:00:06.235739  for server 192.168.56.100 requested address 192.168.56.102
00:00:06.235745  params { 1 3 6 28 }
00:00:06.235756   54: c0 a8 38 64
00:00:06.235760 > allocateAddress 192.168.56.102 to client 08:00:27:fc:39:bc
00:00:06.235764 > ... found existing binding 192.168.56.102 to 08:00:27:fc:39:bc, offered, valid from 2021-07-23T20:17:08Z for 600s until 2021-07-23T20:27:08Z
00:00:06.235776 Lease time 600 secs (default)
00:00:06.235778 writing leases to /home/archie/.config/VirtualBox/HostInterfaceNetworking-vboxnet0-Dhcpd.leases
00:00:06.237883 >>> requested option 1 (SubnetMask)
00:00:06.237892 ... always supplied
00:00:06.237894 >>> requested option 3 (Routers)
00:00:06.237896 ... not found
00:00:06.237898 >>> requested option 6 (DNSes)
00:00:06.237900 ... not found
00:00:06.237902 >>> requested option 28 (BroadcastAddress)
00:00:06.237904 ... not found
00:00:06.237907 encoding option 1 (SubnetMask)
00:00:06.237909 encoding option 51 (LeaseTime)
00:00:06.237912 ACK xid 0x00000b8f chaddr 08:00:27:fc:39:bc
00:00:06.237918  ciaddr 0.0.0.0 yiaddr 192.168.56.102
00:00:06.237926 encoded message: 548 bytes
00:00:06.237928 00007f0d38001370/0000: 02 01 06 00 8f 0b 00 00-00 00 00 00 00 00 00 00 ................
00:00:06.237930 00007f0d38001380/0010: c0 a8 38 66 00 00 00 00-00 00 00 00 08 00 27 fc ..8f..........'.
00:00:06.237933 00007f0d38001390/0020: 39 bc 00 00 00 00 00 00-00 00 00 00 00 00 00 00 9...............
00:00:06.237935 00007f0d380013a0/0030: 00 00 00 00 00 00 00 00-00 00 00 00 00 00 00 00 ................
00:00:06.237937 00007f0d380013b0/0040: 00 00 00 00 00 00 00 00-00 00 00 00 00 00 00 00 ................
00:00:06.237938 00007f0d380013c0/0050: 00 00 00 00 00 00 00 00-00 00 00 00 00 00 00 00 ................
00:00:06.237940 00007f0d380013d0/0060: 00 00 00 00 00 00 00 00-00 00 00 00 00 00 00 00 ................
00:00:06.237942 00007f0d380013e0/0070: 00 00 00 00 00 00 00 00-00 00 00 00 00 00 00 00 ................
00:00:06.237944 00007f0d380013f0/0080: 00 00 00 00 00 00 00 00-00 00 00 00 00 00 00 00 ................
00:00:06.237946 00007f0d38001400/0090: 00 00 00 00 00 00 00 00-00 00 00 00 00 00 00 00 ................
00:00:06.237948 00007f0d38001410/00a0: 00 00 00 00 00 00 00 00-00 00 00 00 00 00 00 00 ................
00:00:06.237949 00007f0d38001420/00b0: 00 00 00 00 00 00 00 00-00 00 00 00 00 00 00 00 ................
00:00:06.237951 00007f0d38001430/00c0: 00 00 00 00 00 00 00 00-00 00 00 00 00 00 00 00 ................
00:00:06.237953 00007f0d38001440/00d0: 00 00 00 00 00 00 00 00-00 00 00 00 00 00 00 00 ................
00:00:06.237955 00007f0d38001450/00e0: 00 00 00 00 00 00 00 00-00 00 00 00 63 82 53 63 ............c.Sc
00:00:06.237957 00007f0d38001460/00f0: 36 04 c0 a8 38 64 35 01-05 01 04 ff ff ff 00 33 6...8d5........3
00:00:06.237959 00007f0d38001470/0100: 04 00 00 02 58 ff 00 00-00 00 00 00 00 00 00 00 ....X...........
00:00:06.237960 00007f0d38001480/0110: 00 00 00 00 00 00 00 00-00 00 00 00 00 00 00 00 ................
00:00:06.237962 00007f0d38001490/0120: 00 00 00 00 00 00 00 00-00 00 00 00 00 00 00 00 ................
00:00:06.237964 00007f0d380014a0/0130: 00 00 00 00 00 00 00 00-00 00 00 00 00 00 00 00 ................
00:00:06.237966 00007f0d380014b0/0140: 00 00 00 00 00 00 00 00-00 00 00 00 00 00 00 00 ................
00:00:06.237968 00007f0d380014c0/0150: 00 00 00 00 00 00 00 00-00 00 00 00 00 00 00 00 ................
00:00:06.237969 00007f0d380014d0/0160: 00 00 00 00 00 00 00 00-00 00 00 00 00 00 00 00 ................
00:00:06.237971 00007f0d380014e0/0170: 00 00 00 00 00 00 00 00-00 00 00 00 00 00 00 00 ................
00:00:06.237973 00007f0d380014f0/0180: 00 00 00 00 00 00 00 00-00 00 00 00 00 00 00 00 ................
00:00:06.237975 00007f0d38001500/0190: 00 00 00 00 00 00 00 00-00 00 00 00 00 00 00 00 ................
00:00:06.237977 00007f0d38001510/01a0: 00 00 00 00 00 00 00 00-00 00 00 00 00 00 00 00 ................
00:00:06.237978 00007f0d38001520/01b0: 00 00 00 00 00 00 00 00-00 00 00 00 00 00 00 00 ................
00:00:06.237980 00007f0d38001530/01c0: 00 00 00 00 00 00 00 00-00 00 00 00 00 00 00 00 ................
00:00:06.237982 00007f0d38001540/01d0: 00 00 00 00 00 00 00 00-00 00 00 00 00 00 00 00 ................
00:00:06.237984 00007f0d38001550/01e0: 00 00 00 00 00 00 00 00-00 00 00 00 00 00 00 00 ................
00:00:06.237985 00007f0d38001560/01f0: 00 00 00 00 00 00 00 00-00 00 00 00 00 00 00 00 ................
00:00:06.237987 00007f0d38001570/0200: 00 00 00 00 00 00 00 00-00 00 00 00 00 00 00 00 ................
00:00:06.237989 00007f0d38001580/0210: 00 00 00 00 00 00 00 00-00 00 00 00 00 00 00 00 ................
00:00:06.237991 00007f0d38001590/0220: 00 00 00 00                                     ....
