00:00:00.000143 main     VirtualBox XPCOM Server 6.1.24 r145751 linux.amd64 (Jul 20 2021 19:23:17) release log
00:00:00.000145 main     Log opened 2021-07-23T20:16:49.931284000Z
00:00:00.000146 main     Build Type: release
00:00:00.000147 main     OS Product: Linux
00:00:00.000148 main     OS Release: 5.13.4-arch1-1
00:00:00.000148 main     OS Version: #1 SMP PREEMPT Tue, 20 Jul 2021 16:58:51 +0000
00:00:00.000165 main     DMI Product Name: Fusion Gamer
00:00:00.000170 main     DMI Product Version: System Version
00:00:00.000173 main     Firmware type: UEFI
00:00:00.000650 main     Secure Boot: Disabled
00:00:00.000673 main     Host RAM: 11904MB (11.6GB) total, 8402MB (8.2GB) available
00:00:00.000675 main     Executable: /usr/lib/virtualbox/VBoxSVC
00:00:00.000675 main     Process ID: 45239
00:00:00.000676 main     Package type: LINUX_64BITS_GENERIC (OSE)
00:00:00.001632 main     IPC socket path: /tmp/.vbox-archie-ipc/ipcd
00:00:00.106062 nspr-2   VirtualBox: object creation starts
00:00:00.106141 nspr-2   Home directory: '/home/archie/.config/VirtualBox'
00:00:00.106242 nspr-2   Loading settings file "/home/archie/.config/VirtualBox/VirtualBox.xml" with version "1.12-linux"
00:00:00.108024 nspr-2   Failed to retrive disk info: getDiskName(/dev/mapper/volgroup0-lv_root) --> volgroup0-lv_root
00:00:00.112007 nspr-2   HostDnsMonitor: initializing
00:00:00.112188 nspr-2   NAT: resolv.conf: nameserver 194.168.4.100
00:00:00.112198 nspr-2   NAT: resolv.conf: nameserver 194.168.8.100
00:00:00.112206 nspr-2   HostDnsMonitor: updating information
00:00:00.112218 nspr-2   HostDnsMonitor: old information
00:00:00.112221 nspr-2     no server entries
00:00:00.112223 nspr-2     no domain set
00:00:00.112225 nspr-2     no search string entries
00:00:00.112227 nspr-2   HostDnsMonitor: new information
00:00:00.112229 nspr-2     server 1: 194.168.4.100
00:00:00.112231 nspr-2     server 2: 194.168.8.100
00:00:00.112234 nspr-2     no domain set
00:00:00.112236 nspr-2     no search string entries
00:00:00.119455 nspr-2   failed to create vboxnet0, error (0x80004005)
00:00:00.119713 nspr-2   VD: VDInit finished with VINF_SUCCESS
00:00:00.119816 nspr-2   ERROR [COM]: aRC=NS_ERROR_FAILURE (0x80004005) aIID={027bc463-929c-40e8-bf16-fea557cd8e7e} aComponent={SystemPropertiesWrap} aText={Cannot determine default Guest Additions ISO location. Most likely they are not available}, preserve=false aResultDetail=0
00:00:00.124273 nspr-2   Loading settings file "/home/archie/VirtualBox VMs/Chicago95/Chicago95.vbox" with version "1.16-linux"
00:00:00.125155 nspr-2   Loading settings file "/home/archie/.Genymobile/Genymotion/deployed/Samsung Galaxy Note 2/Samsung Galaxy Note 2.vbox" with version "1.12-linux"
00:00:00.127357 nspr-2   VirtualBox: object created
00:00:00.133996 nspr-2   ERROR [COM]: aRC=NS_ERROR_FAILURE (0x80004005) aIID={027bc463-929c-40e8-bf16-fea557cd8e7e} aComponent={SystemPropertiesWrap} aText={Cannot determine default Guest Additions ISO location. Most likely they are not available}, preserve=false aResultDetail=0
00:00:00.177754 nspr-2   ERROR [COM]: aRC=VBOX_E_OBJECT_NOT_FOUND (0x80bb0001) aIID={d0a0163f-e254-4e5b-a1f2-011cf991c38d} aComponent={VirtualBoxWrap} aText={Could not find a registered machine named 'Samsung Galaxy S10'}, preserve=false aResultDetail=0
00:00:00.228093 nspr-2   Saving settings file "/home/archie/.config/VirtualBox/VirtualBox.xml" with version "1.12-linux"
00:00:00.281228 nspr-2   Import settings with version "1.12-linux"
00:00:00.281320 nspr-2   ERROR [COM]: aRC=VBOX_E_OBJECT_NOT_FOUND (0x80bb0001) aIID={d0a0163f-e254-4e5b-a1f2-011cf991c38d} aComponent={VirtualBoxWrap} aText={Could not find a registered machine named 'genymotion_vbox86p_10.0_210203_090317'}, preserve=false aResultDetail=0
00:00:00.281407 nspr-2   ERROR [COM]: aRC=VBOX_E_FILE_ERROR (0x80bb0004) aIID={ad47ad09-787b-44ab-b343-a082a3f2dfb1} aComponent={MediumWrap} aText={Could not find file for the medium '/home/archie/.Genymobile/Genymotion/deployed/genymotion_vbox86p_10.0_210203_090317/genymotion_system_disk.vmdk' (VERR_FILE_NOT_FOUND)}, preserve=false aResultDetail=-102
00:00:00.281444 nspr-2   ERROR [COM]: aRC=VBOX_E_FILE_ERROR (0x80bb0004) aIID={ad47ad09-787b-44ab-b343-a082a3f2dfb1} aComponent={MediumWrap} aText={Could not find file for the medium '/home/archie/.Genymobile/Genymotion/deployed/genymotion_vbox86p_10.0_210203_090317/genymotion_data_disk.vmdk' (VERR_FILE_NOT_FOUND)}, preserve=false aResultDetail=-102
00:00:00.281466 nspr-2   ERROR [COM]: aRC=VBOX_E_FILE_ERROR (0x80bb0004) aIID={ad47ad09-787b-44ab-b343-a082a3f2dfb1} aComponent={MediumWrap} aText={Could not find file for the medium '/home/archie/.Genymobile/Genymotion/deployed/genymotion_vbox86p_10.0_210203_090317/android_sdcard_disk.vmdk' (VERR_FILE_NOT_FOUND)}, preserve=false aResultDetail=-102
00:00:06.602284 createImport Saving settings file "/home/archie/.config/VirtualBox/VirtualBox.xml" with version "1.12-linux"
00:00:06.648690 createImport Saving settings file "/home/archie/.config/VirtualBox/VirtualBox.xml" with version "1.12-linux"
00:00:06.662636 createImport Saving settings file "/home/archie/.config/VirtualBox/VirtualBox.xml" with version "1.12-linux"
00:00:06.666154 ApplImp  Saving settings file "/home/archie/.Genymobile/Genymotion/deployed/Samsung Galaxy S10/Samsung Galaxy S10.vbox" with version "1.12-linux"
00:00:06.668972 ApplImp  Saving settings file "/home/archie/.config/VirtualBox/VirtualBox.xml" with version "1.12-linux"
00:00:06.729651 nspr-2   ERROR [COM]: aRC=VBOX_E_OBJECT_NOT_FOUND (0x80bb0001) aIID={85632c68-b5bb-4316-a900-5eb28d3413df} aComponent={SessionMachine} aText={No storage device attached to device slot 1 on port 1 of controller 'IDEController'}, preserve=false aResultDetail=0
00:00:06.729825 nspr-3   ERROR [COM]: aRC=VBOX_E_OBJECT_NOT_FOUND (0x80bb0001) aIID={85632c68-b5bb-4316-a900-5eb28d3413df} aComponent={SessionMachine} aText={No storage device attached to device slot 1 on port 1 of controller 'IDEController'}, preserve=false aResultDetail=0
00:00:06.748384 nspr-2   WARNING [COM]: aRC=NS_ERROR_FAILURE (0x80004005) aIID={16ced992-5fdc-4aba-aff5-6a39bbd7c38b} aComponent={HostWrap} aText={VirtualBox is not currently allowed to access USB devices.  You can change this by adding your user to the 'vboxusers' group.  Please see the user manual for a more detailed explanation}, preserve=true  aResultDetail=0
00:00:06.748775 nspr-2   WARNING [COM]: aRC=NS_ERROR_FAILURE (0x80004005) aIID={16ced992-5fdc-4aba-aff5-6a39bbd7c38b} aComponent={HostWrap} aText={VirtualBox is not currently allowed to access USB devices.  You can change this by adding your user to the 'vboxusers' group.  Please see the user manual for a more detailed explanation}, preserve=true  aResultDetail=0
00:00:06.751191 nspr-3   ERROR [COM]: aRC=NS_ERROR_FAILURE (0x80004005) aIID={85632c68-b5bb-4316-a900-5eb28d3413df} aComponent={SessionMachine} aText={This machine does not have any snapshots}, preserve=false aResultDetail=0
00:00:06.849143 nspr-2   ERROR [COM]: aRC=VBOX_E_OBJECT_NOT_FOUND (0x80bb0001) aIID={85632c68-b5bb-4316-a900-5eb28d3413df} aComponent={SessionMachine} aText={No storage device attached to device slot 1 on port 1 of controller 'IDEController'}, preserve=false aResultDetail=0
00:00:06.849291 nspr-3   ERROR [COM]: aRC=VBOX_E_OBJECT_NOT_FOUND (0x80bb0001) aIID={85632c68-b5bb-4316-a900-5eb28d3413df} aComponent={SessionMachine} aText={No storage device attached to device slot 1 on port 1 of controller 'IDEController'}, preserve=false aResultDetail=0
00:00:06.854057 nspr-2   WARNING [COM]: aRC=NS_ERROR_FAILURE (0x80004005) aIID={16ced992-5fdc-4aba-aff5-6a39bbd7c38b} aComponent={HostWrap} aText={VirtualBox is not currently allowed to access USB devices.  You can change this by adding your user to the 'vboxusers' group.  Please see the user manual for a more detailed explanation}, preserve=true  aResultDetail=0
00:00:06.854201 nspr-2   WARNING [COM]: aRC=NS_ERROR_FAILURE (0x80004005) aIID={16ced992-5fdc-4aba-aff5-6a39bbd7c38b} aComponent={HostWrap} aText={VirtualBox is not currently allowed to access USB devices.  You can change this by adding your user to the 'vboxusers' group.  Please see the user manual for a more detailed explanation}, preserve=true  aResultDetail=0
00:00:06.855309 nspr-3   ERROR [COM]: aRC=NS_ERROR_FAILURE (0x80004005) aIID={85632c68-b5bb-4316-a900-5eb28d3413df} aComponent={SessionMachine} aText={This machine does not have any snapshots}, preserve=false aResultDetail=0
00:00:06.901140 nspr-2   ERROR [COM]: aRC=VBOX_E_OBJECT_NOT_FOUND (0x80bb0001) aIID={85632c68-b5bb-4316-a900-5eb28d3413df} aComponent={SessionMachine} aText={No storage device attached to device slot 1 on port 1 of controller 'IDEController'}, preserve=false aResultDetail=0
00:00:06.901282 nspr-3   ERROR [COM]: aRC=VBOX_E_OBJECT_NOT_FOUND (0x80bb0001) aIID={85632c68-b5bb-4316-a900-5eb28d3413df} aComponent={SessionMachine} aText={No storage device attached to device slot 1 on port 1 of controller 'IDEController'}, preserve=false aResultDetail=0
00:00:06.905966 nspr-2   WARNING [COM]: aRC=NS_ERROR_FAILURE (0x80004005) aIID={16ced992-5fdc-4aba-aff5-6a39bbd7c38b} aComponent={HostWrap} aText={VirtualBox is not currently allowed to access USB devices.  You can change this by adding your user to the 'vboxusers' group.  Please see the user manual for a more detailed explanation}, preserve=true  aResultDetail=0
00:00:06.906125 nspr-2   WARNING [COM]: aRC=NS_ERROR_FAILURE (0x80004005) aIID={16ced992-5fdc-4aba-aff5-6a39bbd7c38b} aComponent={HostWrap} aText={VirtualBox is not currently allowed to access USB devices.  You can change this by adding your user to the 'vboxusers' group.  Please see the user manual for a more detailed explanation}, preserve=true  aResultDetail=0
00:00:06.907252 nspr-3   ERROR [COM]: aRC=NS_ERROR_FAILURE (0x80004005) aIID={85632c68-b5bb-4316-a900-5eb28d3413df} aComponent={SessionMachine} aText={This machine does not have any snapshots}, preserve=false aResultDetail=0
00:00:06.946507 nspr-3   Saving settings file "/home/archie/.Genymobile/Genymotion/deployed/Samsung Galaxy S10/Samsung Galaxy S10.vbox" with version "1.12-linux"
00:00:06.983982 nspr-3   Saving settings file "/home/archie/.Genymobile/Genymotion/deployed/Samsung Galaxy S10/Samsung Galaxy S10.vbox" with version "1.12-linux"
00:00:07.034923 nspr-3   Saving settings file "/home/archie/.config/VirtualBox/VirtualBox.xml" with version "1.12-linux"
00:00:07.176661 nspr-2   Saving settings file "/home/archie/.config/VirtualBox/VirtualBox.xml" with version "1.12-linux"
00:00:07.179072 nspr-2   Saving settings file "/home/archie/.config/VirtualBox/VirtualBox.xml" with version "1.12-linux"
00:00:07.233487 nspr-2   Saving settings file "/home/archie/.config/VirtualBox/VirtualBox.xml" with version "1.12-linux"
00:00:07.237499 nspr-2   Saving settings file "/home/archie/.config/VirtualBox/VirtualBox.xml" with version "1.12-linux"
00:00:07.404624 nspr-3   Saving settings file "/home/archie/.config/VirtualBox/VirtualBox.xml" with version "1.12-linux"
00:00:07.462623 nspr-2   Saving settings file "/home/archie/.config/VirtualBox/VirtualBox.xml" with version "1.12-linux"
00:00:07.465087 nspr-2   Saving settings file "/home/archie/.config/VirtualBox/VirtualBox.xml" with version "1.12-linux"
00:00:07.467450 nspr-3   Saving settings file "/home/archie/.config/VirtualBox/VirtualBox.xml" with version "1.12-linux"
00:00:07.469890 nspr-3   Saving settings file "/home/archie/.config/VirtualBox/VirtualBox.xml" with version "1.12-linux"
00:00:07.472580 nspr-2   Saving settings file "/home/archie/.config/VirtualBox/VirtualBox.xml" with version "1.12-linux"
00:00:07.527878 nspr-3   Saving settings file "/home/archie/.Genymobile/Genymotion/deployed/Samsung Galaxy S10/Samsung Galaxy S10.vbox" with version "1.12-linux"
00:00:07.584346 nspr-2   Saving settings file "/home/archie/.Genymobile/Genymotion/deployed/Samsung Galaxy S10/Samsung Galaxy S10.vbox" with version "1.12-linux"
00:00:07.632588 nspr-2   Saving settings file "/home/archie/.Genymobile/Genymotion/deployed/Samsung Galaxy S10/Samsung Galaxy S10.vbox" with version "1.12-linux"
00:00:07.682962 nspr-2   Saving settings file "/home/archie/.Genymobile/Genymotion/deployed/Samsung Galaxy S10/Samsung Galaxy S10.vbox" with version "1.12-linux"
00:00:07.720463 nspr-3   Saving settings file "/home/archie/.Genymobile/Genymotion/deployed/Samsung Galaxy S10/Samsung Galaxy S10.vbox" with version "1.12-linux"
00:00:07.756788 nspr-2   Saving settings file "/home/archie/.Genymobile/Genymotion/deployed/Samsung Galaxy S10/Samsung Galaxy S10.vbox" with version "1.12-linux"
00:00:07.796183 nspr-3   Saving settings file "/home/archie/.Genymobile/Genymotion/deployed/Samsung Galaxy S10/Samsung Galaxy S10.vbox" with version "1.12-linux"
00:00:07.839505 nspr-3   ERROR [COM]: aRC=VBOX_E_OBJECT_NOT_FOUND (0x80bb0001) aIID={85632c68-b5bb-4316-a900-5eb28d3413df} aComponent={SessionMachine} aText={No storage device attached to device slot 0 on port 1 of controller 'IDEController'}, preserve=false aResultDetail=0
00:00:07.839701 nspr-2   ERROR [COM]: aRC=VBOX_E_OBJECT_NOT_FOUND (0x80bb0001) aIID={85632c68-b5bb-4316-a900-5eb28d3413df} aComponent={SessionMachine} aText={No storage device attached to device slot 0 on port 1 of controller 'IDEController'}, preserve=false aResultDetail=0
00:00:07.839797 nspr-2   ERROR [COM]: aRC=VBOX_E_OBJECT_NOT_FOUND (0x80bb0001) aIID={85632c68-b5bb-4316-a900-5eb28d3413df} aComponent={SessionMachine} aText={No storage device attached to device slot 1 on port 1 of controller 'IDEController'}, preserve=false aResultDetail=0
00:00:07.839888 nspr-2   ERROR [COM]: aRC=VBOX_E_OBJECT_NOT_FOUND (0x80bb0001) aIID={85632c68-b5bb-4316-a900-5eb28d3413df} aComponent={SessionMachine} aText={No storage device attached to device slot 1 on port 1 of controller 'IDEController'}, preserve=false aResultDetail=0
00:00:07.844535 nspr-3   WARNING [COM]: aRC=NS_ERROR_FAILURE (0x80004005) aIID={16ced992-5fdc-4aba-aff5-6a39bbd7c38b} aComponent={HostWrap} aText={VirtualBox is not currently allowed to access USB devices.  You can change this by adding your user to the 'vboxusers' group.  Please see the user manual for a more detailed explanation}, preserve=true  aResultDetail=0
00:00:07.844727 nspr-3   WARNING [COM]: aRC=NS_ERROR_FAILURE (0x80004005) aIID={16ced992-5fdc-4aba-aff5-6a39bbd7c38b} aComponent={HostWrap} aText={VirtualBox is not currently allowed to access USB devices.  You can change this by adding your user to the 'vboxusers' group.  Please see the user manual for a more detailed explanation}, preserve=true  aResultDetail=0
00:00:07.845762 nspr-2   ERROR [COM]: aRC=NS_ERROR_FAILURE (0x80004005) aIID={85632c68-b5bb-4316-a900-5eb28d3413df} aComponent={SessionMachine} aText={This machine does not have any snapshots}, preserve=false aResultDetail=0
00:00:07.934790 nspr-3   ERROR [COM]: aRC=VBOX_E_OBJECT_NOT_FOUND (0x80bb0001) aIID={85632c68-b5bb-4316-a900-5eb28d3413df} aComponent={SessionMachine} aText={No storage device attached to device slot 0 on port 1 of controller 'IDEController'}, preserve=false aResultDetail=0
00:00:07.934936 nspr-2   ERROR [COM]: aRC=VBOX_E_OBJECT_NOT_FOUND (0x80bb0001) aIID={85632c68-b5bb-4316-a900-5eb28d3413df} aComponent={SessionMachine} aText={No storage device attached to device slot 0 on port 1 of controller 'IDEController'}, preserve=false aResultDetail=0
00:00:07.935081 nspr-2   ERROR [COM]: aRC=VBOX_E_OBJECT_NOT_FOUND (0x80bb0001) aIID={85632c68-b5bb-4316-a900-5eb28d3413df} aComponent={SessionMachine} aText={No storage device attached to device slot 1 on port 1 of controller 'IDEController'}, preserve=false aResultDetail=0
00:00:07.935172 nspr-2   ERROR [COM]: aRC=VBOX_E_OBJECT_NOT_FOUND (0x80bb0001) aIID={85632c68-b5bb-4316-a900-5eb28d3413df} aComponent={SessionMachine} aText={No storage device attached to device slot 1 on port 1 of controller 'IDEController'}, preserve=false aResultDetail=0
00:00:07.939676 nspr-3   WARNING [COM]: aRC=NS_ERROR_FAILURE (0x80004005) aIID={16ced992-5fdc-4aba-aff5-6a39bbd7c38b} aComponent={HostWrap} aText={VirtualBox is not currently allowed to access USB devices.  You can change this by adding your user to the 'vboxusers' group.  Please see the user manual for a more detailed explanation}, preserve=true  aResultDetail=0
00:00:07.939797 nspr-3   WARNING [COM]: aRC=NS_ERROR_FAILURE (0x80004005) aIID={16ced992-5fdc-4aba-aff5-6a39bbd7c38b} aComponent={HostWrap} aText={VirtualBox is not currently allowed to access USB devices.  You can change this by adding your user to the 'vboxusers' group.  Please see the user manual for a more detailed explanation}, preserve=true  aResultDetail=0
00:00:07.941120 nspr-2   ERROR [COM]: aRC=NS_ERROR_FAILURE (0x80004005) aIID={85632c68-b5bb-4316-a900-5eb28d3413df} aComponent={SessionMachine} aText={This machine does not have any snapshots}, preserve=false aResultDetail=0
00:00:07.975295 nspr-3   Saving settings file "/home/archie/.Genymobile/Genymotion/deployed/Samsung Galaxy S10/Samsung Galaxy S10.vbox" with version "1.12-linux"
00:00:08.013211 nspr-3   Saving settings file "/home/archie/.Genymobile/Genymotion/deployed/Samsung Galaxy S10/Samsung Galaxy S10.vbox" with version "1.12-linux"
00:00:08.051222 nspr-3   Saving settings file "/home/archie/.Genymobile/Genymotion/deployed/Samsung Galaxy S10/Samsung Galaxy S10.vbox" with version "1.12-linux"
00:00:08.099917 nspr-3   Saving settings file "/home/archie/.Genymobile/Genymotion/deployed/Samsung Galaxy S10/Samsung Galaxy S10.vbox" with version "1.12-linux"
00:00:08.155763 nspr-3   Saving settings file "/home/archie/.Genymobile/Genymotion/deployed/Samsung Galaxy S10/Samsung Galaxy S10.vbox" with version "1.12-linux"
00:00:08.210524 nspr-3   Saving settings file "/home/archie/.Genymobile/Genymotion/deployed/Samsung Galaxy S10/Samsung Galaxy S10.vbox" with version "1.12-linux"
00:00:08.248622 nspr-2   Saving settings file "/home/archie/.Genymobile/Genymotion/deployed/Samsung Galaxy S10/Samsung Galaxy S10.vbox" with version "1.12-linux"
00:00:08.285641 nspr-2   Saving settings file "/home/archie/.Genymobile/Genymotion/deployed/Samsung Galaxy S10/Samsung Galaxy S10.vbox" with version "1.12-linux"
00:00:08.339028 nspr-2   Saving settings file "/home/archie/.Genymobile/Genymotion/deployed/Samsung Galaxy S10/Samsung Galaxy S10.vbox" with version "1.12-linux"
00:00:08.394405 nspr-2   Saving settings file "/home/archie/.Genymobile/Genymotion/deployed/Samsung Galaxy S10/Samsung Galaxy S10.vbox" with version "1.12-linux"
00:00:08.449495 nspr-2   Saving settings file "/home/archie/.Genymobile/Genymotion/deployed/Samsung Galaxy S10/Samsung Galaxy S10.vbox" with version "1.12-linux"
00:00:08.498686 nspr-2   Saving settings file "/home/archie/.Genymobile/Genymotion/deployed/Samsung Galaxy S10/Samsung Galaxy S10.vbox" with version "1.12-linux"
00:00:08.535031 nspr-2   Saving settings file "/home/archie/.Genymobile/Genymotion/deployed/Samsung Galaxy S10/Samsung Galaxy S10.vbox" with version "1.12-linux"
00:00:08.586523 nspr-2   Saving settings file "/home/archie/.Genymobile/Genymotion/deployed/Samsung Galaxy S10/Samsung Galaxy S10.vbox" with version "1.12-linux"
00:00:08.648201 TakeSnap Saving settings file "/home/archie/.Genymobile/Genymotion/deployed/Samsung Galaxy S10/Samsung Galaxy S10.vbox" with version "1.12-linux"
00:00:08.655027 TakeSnap Saving settings file "/home/archie/.Genymobile/Genymotion/deployed/Samsung Galaxy S10/Samsung Galaxy S10.vbox" with version "1.12-linux"
00:00:08.658304 TakeSnap Saving settings file "/home/archie/.Genymobile/Genymotion/deployed/Samsung Galaxy S10/Samsung Galaxy S10.vbox" with version "1.12-linux"
00:00:08.661604 TakeSnap Saving settings file "/home/archie/.Genymobile/Genymotion/deployed/Samsung Galaxy S10/Samsung Galaxy S10.vbox" with version "1.12-linux"
00:00:08.723287 nspr-3   ERROR [COM]: aRC=VBOX_E_OBJECT_NOT_FOUND (0x80bb0001) aIID={85632c68-b5bb-4316-a900-5eb28d3413df} aComponent={SessionMachine} aText={No storage device attached to device slot 0 on port 1 of controller 'IDEController'}, preserve=false aResultDetail=0
00:00:08.723422 nspr-2   ERROR [COM]: aRC=VBOX_E_OBJECT_NOT_FOUND (0x80bb0001) aIID={85632c68-b5bb-4316-a900-5eb28d3413df} aComponent={SessionMachine} aText={No storage device attached to device slot 0 on port 1 of controller 'IDEController'}, preserve=false aResultDetail=0
00:00:08.723508 nspr-2   ERROR [COM]: aRC=VBOX_E_OBJECT_NOT_FOUND (0x80bb0001) aIID={85632c68-b5bb-4316-a900-5eb28d3413df} aComponent={SessionMachine} aText={No storage device attached to device slot 1 on port 1 of controller 'IDEController'}, preserve=false aResultDetail=0
00:00:08.723606 nspr-2   ERROR [COM]: aRC=VBOX_E_OBJECT_NOT_FOUND (0x80bb0001) aIID={85632c68-b5bb-4316-a900-5eb28d3413df} aComponent={SessionMachine} aText={No storage device attached to device slot 1 on port 1 of controller 'IDEController'}, preserve=false aResultDetail=0
00:00:08.729213 nspr-2   WARNING [COM]: aRC=NS_ERROR_FAILURE (0x80004005) aIID={16ced992-5fdc-4aba-aff5-6a39bbd7c38b} aComponent={HostWrap} aText={VirtualBox is not currently allowed to access USB devices.  You can change this by adding your user to the 'vboxusers' group.  Please see the user manual for a more detailed explanation}, preserve=true  aResultDetail=0
00:00:08.729364 nspr-2   WARNING [COM]: aRC=NS_ERROR_FAILURE (0x80004005) aIID={16ced992-5fdc-4aba-aff5-6a39bbd7c38b} aComponent={HostWrap} aText={VirtualBox is not currently allowed to access USB devices.  You can change this by adding your user to the 'vboxusers' group.  Please see the user manual for a more detailed explanation}, preserve=true  aResultDetail=0
00:00:08.847378 nspr-2   ERROR [COM]: aRC=VBOX_E_OBJECT_NOT_FOUND (0x80bb0001) aIID={85632c68-b5bb-4316-a900-5eb28d3413df} aComponent={SessionMachine} aText={No storage device attached to device slot 0 on port 1 of controller 'IDEController'}, preserve=false aResultDetail=0
00:00:08.847571 nspr-3   ERROR [COM]: aRC=VBOX_E_OBJECT_NOT_FOUND (0x80bb0001) aIID={85632c68-b5bb-4316-a900-5eb28d3413df} aComponent={SessionMachine} aText={No storage device attached to device slot 0 on port 1 of controller 'IDEController'}, preserve=false aResultDetail=0
00:00:08.847708 nspr-3   ERROR [COM]: aRC=VBOX_E_OBJECT_NOT_FOUND (0x80bb0001) aIID={85632c68-b5bb-4316-a900-5eb28d3413df} aComponent={SessionMachine} aText={No storage device attached to device slot 1 on port 1 of controller 'IDEController'}, preserve=false aResultDetail=0
00:00:08.847831 nspr-3   ERROR [COM]: aRC=VBOX_E_OBJECT_NOT_FOUND (0x80bb0001) aIID={85632c68-b5bb-4316-a900-5eb28d3413df} aComponent={SessionMachine} aText={No storage device attached to device slot 1 on port 1 of controller 'IDEController'}, preserve=false aResultDetail=0
00:00:08.854719 nspr-3   WARNING [COM]: aRC=NS_ERROR_FAILURE (0x80004005) aIID={16ced992-5fdc-4aba-aff5-6a39bbd7c38b} aComponent={HostWrap} aText={VirtualBox is not currently allowed to access USB devices.  You can change this by adding your user to the 'vboxusers' group.  Please see the user manual for a more detailed explanation}, preserve=true  aResultDetail=0
00:00:08.854901 nspr-3   WARNING [COM]: aRC=NS_ERROR_FAILURE (0x80004005) aIID={16ced992-5fdc-4aba-aff5-6a39bbd7c38b} aComponent={HostWrap} aText={VirtualBox is not currently allowed to access USB devices.  You can change this by adding your user to the 'vboxusers' group.  Please see the user manual for a more detailed explanation}, preserve=true  aResultDetail=0
00:00:10.834680 nspr-3   ERROR [COM]: aRC=VBOX_E_OBJECT_NOT_FOUND (0x80bb0001) aIID={85632c68-b5bb-4316-a900-5eb28d3413df} aComponent={SessionMachine} aText={No storage device attached to device slot 0 on port 1 of controller 'IDEController'}, preserve=false aResultDetail=0
00:00:10.834814 nspr-2   ERROR [COM]: aRC=VBOX_E_OBJECT_NOT_FOUND (0x80bb0001) aIID={85632c68-b5bb-4316-a900-5eb28d3413df} aComponent={SessionMachine} aText={No storage device attached to device slot 0 on port 1 of controller 'IDEController'}, preserve=false aResultDetail=0
00:00:10.834915 nspr-2   ERROR [COM]: aRC=VBOX_E_OBJECT_NOT_FOUND (0x80bb0001) aIID={85632c68-b5bb-4316-a900-5eb28d3413df} aComponent={SessionMachine} aText={No storage device attached to device slot 1 on port 1 of controller 'IDEController'}, preserve=false aResultDetail=0
00:00:10.835011 nspr-2   ERROR [COM]: aRC=VBOX_E_OBJECT_NOT_FOUND (0x80bb0001) aIID={85632c68-b5bb-4316-a900-5eb28d3413df} aComponent={SessionMachine} aText={No storage device attached to device slot 1 on port 1 of controller 'IDEController'}, preserve=false aResultDetail=0
00:00:10.839263 nspr-2   WARNING [COM]: aRC=NS_ERROR_FAILURE (0x80004005) aIID={16ced992-5fdc-4aba-aff5-6a39bbd7c38b} aComponent={HostWrap} aText={VirtualBox is not currently allowed to access USB devices.  You can change this by adding your user to the 'vboxusers' group.  Please see the user manual for a more detailed explanation}, preserve=true  aResultDetail=0
00:00:10.839385 nspr-2   WARNING [COM]: aRC=NS_ERROR_FAILURE (0x80004005) aIID={16ced992-5fdc-4aba-aff5-6a39bbd7c38b} aComponent={HostWrap} aText={VirtualBox is not currently allowed to access USB devices.  You can change this by adding your user to the 'vboxusers' group.  Please see the user manual for a more detailed explanation}, preserve=true  aResultDetail=0
00:00:11.074149 nspr-2   Saving settings file "/home/archie/.config/VirtualBox/VirtualBox.xml" with version "1.12-linux"
00:00:11.076663 nspr-2   Saving settings file "/home/archie/.config/VirtualBox/VirtualBox.xml" with version "1.12-linux"
00:00:11.138955 nspr-2   Saving settings file "/home/archie/.config/VirtualBox/VirtualBox.xml" with version "1.12-linux"
00:00:11.141659 nspr-2   Saving settings file "/home/archie/.config/VirtualBox/VirtualBox.xml" with version "1.12-linux"
00:00:11.286332 nspr-3   Saving settings file "/home/archie/.config/VirtualBox/VirtualBox.xml" with version "1.12-linux"
00:00:11.332563 nspr-2   Saving settings file "/home/archie/.config/VirtualBox/VirtualBox.xml" with version "1.12-linux"
00:00:11.335055 nspr-2   Saving settings file "/home/archie/.config/VirtualBox/VirtualBox.xml" with version "1.12-linux"
00:00:11.337429 nspr-3   Saving settings file "/home/archie/.config/VirtualBox/VirtualBox.xml" with version "1.12-linux"
00:00:11.339765 nspr-3   Saving settings file "/home/archie/.config/VirtualBox/VirtualBox.xml" with version "1.12-linux"
00:00:11.343372 nspr-2   Saving settings file "/home/archie/.config/VirtualBox/VirtualBox.xml" with version "1.12-linux"
00:00:11.398908 nspr-2   ERROR [COM]: aRC=VBOX_E_OBJECT_NOT_FOUND (0x80bb0001) aIID={85632c68-b5bb-4316-a900-5eb28d3413df} aComponent={SessionMachine} aText={No storage device attached to device slot 0 on port 1 of controller 'IDEController'}, preserve=false aResultDetail=0
00:00:11.399051 nspr-3   ERROR [COM]: aRC=VBOX_E_OBJECT_NOT_FOUND (0x80bb0001) aIID={85632c68-b5bb-4316-a900-5eb28d3413df} aComponent={SessionMachine} aText={No storage device attached to device slot 0 on port 1 of controller 'IDEController'}, preserve=false aResultDetail=0
00:00:11.399159 nspr-3   ERROR [COM]: aRC=VBOX_E_OBJECT_NOT_FOUND (0x80bb0001) aIID={85632c68-b5bb-4316-a900-5eb28d3413df} aComponent={SessionMachine} aText={No storage device attached to device slot 1 on port 1 of controller 'IDEController'}, preserve=false aResultDetail=0
00:00:11.399265 nspr-3   ERROR [COM]: aRC=VBOX_E_OBJECT_NOT_FOUND (0x80bb0001) aIID={85632c68-b5bb-4316-a900-5eb28d3413df} aComponent={SessionMachine} aText={No storage device attached to device slot 1 on port 1 of controller 'IDEController'}, preserve=false aResultDetail=0
00:00:11.404504 nspr-3   WARNING [COM]: aRC=NS_ERROR_FAILURE (0x80004005) aIID={16ced992-5fdc-4aba-aff5-6a39bbd7c38b} aComponent={HostWrap} aText={VirtualBox is not currently allowed to access USB devices.  You can change this by adding your user to the 'vboxusers' group.  Please see the user manual for a more detailed explanation}, preserve=true  aResultDetail=0
00:00:11.404642 nspr-3   WARNING [COM]: aRC=NS_ERROR_FAILURE (0x80004005) aIID={16ced992-5fdc-4aba-aff5-6a39bbd7c38b} aComponent={HostWrap} aText={VirtualBox is not currently allowed to access USB devices.  You can change this by adding your user to the 'vboxusers' group.  Please see the user manual for a more detailed explanation}, preserve=true  aResultDetail=0
00:00:11.490532 nspr-2   ERROR [COM]: aRC=VBOX_E_OBJECT_NOT_FOUND (0x80bb0001) aIID={85632c68-b5bb-4316-a900-5eb28d3413df} aComponent={SessionMachine} aText={No storage device attached to device slot 0 on port 1 of controller 'IDEController'}, preserve=false aResultDetail=0
00:00:11.490660 nspr-3   ERROR [COM]: aRC=VBOX_E_OBJECT_NOT_FOUND (0x80bb0001) aIID={85632c68-b5bb-4316-a900-5eb28d3413df} aComponent={SessionMachine} aText={No storage device attached to device slot 0 on port 1 of controller 'IDEController'}, preserve=false aResultDetail=0
00:00:11.490999 nspr-3   ERROR [COM]: aRC=VBOX_E_OBJECT_NOT_FOUND (0x80bb0001) aIID={85632c68-b5bb-4316-a900-5eb28d3413df} aComponent={SessionMachine} aText={No storage device attached to device slot 1 on port 1 of controller 'IDEController'}, preserve=false aResultDetail=0
00:00:11.494218 nspr-3   ERROR [COM]: aRC=VBOX_E_OBJECT_NOT_FOUND (0x80bb0001) aIID={85632c68-b5bb-4316-a900-5eb28d3413df} aComponent={SessionMachine} aText={No storage device attached to device slot 1 on port 1 of controller 'IDEController'}, preserve=false aResultDetail=0
00:00:11.498431 nspr-3   WARNING [COM]: aRC=NS_ERROR_FAILURE (0x80004005) aIID={16ced992-5fdc-4aba-aff5-6a39bbd7c38b} aComponent={HostWrap} aText={VirtualBox is not currently allowed to access USB devices.  You can change this by adding your user to the 'vboxusers' group.  Please see the user manual for a more detailed explanation}, preserve=true  aResultDetail=0
00:00:11.498555 nspr-3   WARNING [COM]: aRC=NS_ERROR_FAILURE (0x80004005) aIID={16ced992-5fdc-4aba-aff5-6a39bbd7c38b} aComponent={HostWrap} aText={VirtualBox is not currently allowed to access USB devices.  You can change this by adding your user to the 'vboxusers' group.  Please see the user manual for a more detailed explanation}, preserve=true  aResultDetail=0
00:00:11.593861 nspr-3   Saving settings file "/home/archie/.Genymobile/Genymotion/deployed/Samsung Galaxy S10/Samsung Galaxy S10.vbox" with version "1.12-linux"
00:00:11.626687 nspr-2   Saving settings file "/home/archie/.Genymobile/Genymotion/deployed/Samsung Galaxy S10/Samsung Galaxy S10.vbox" with version "1.12-linux"
00:00:11.675310 nspr-2   ERROR [COM]: aRC=VBOX_E_OBJECT_NOT_FOUND (0x80bb0001) aIID={85632c68-b5bb-4316-a900-5eb28d3413df} aComponent={SessionMachine} aText={No storage device attached to device slot 0 on port 1 of controller 'IDEController'}, preserve=false aResultDetail=0
00:00:11.675468 nspr-3   ERROR [COM]: aRC=VBOX_E_OBJECT_NOT_FOUND (0x80bb0001) aIID={85632c68-b5bb-4316-a900-5eb28d3413df} aComponent={SessionMachine} aText={No storage device attached to device slot 0 on port 1 of controller 'IDEController'}, preserve=false aResultDetail=0
00:00:11.675574 nspr-3   ERROR [COM]: aRC=VBOX_E_OBJECT_NOT_FOUND (0x80bb0001) aIID={85632c68-b5bb-4316-a900-5eb28d3413df} aComponent={SessionMachine} aText={No storage device attached to device slot 1 on port 1 of controller 'IDEController'}, preserve=false aResultDetail=0
00:00:11.675668 nspr-3   ERROR [COM]: aRC=VBOX_E_OBJECT_NOT_FOUND (0x80bb0001) aIID={85632c68-b5bb-4316-a900-5eb28d3413df} aComponent={SessionMachine} aText={No storage device attached to device slot 1 on port 1 of controller 'IDEController'}, preserve=false aResultDetail=0
00:00:11.680328 nspr-3   WARNING [COM]: aRC=NS_ERROR_FAILURE (0x80004005) aIID={16ced992-5fdc-4aba-aff5-6a39bbd7c38b} aComponent={HostWrap} aText={VirtualBox is not currently allowed to access USB devices.  You can change this by adding your user to the 'vboxusers' group.  Please see the user manual for a more detailed explanation}, preserve=true  aResultDetail=0
00:00:11.680459 nspr-3   WARNING [COM]: aRC=NS_ERROR_FAILURE (0x80004005) aIID={16ced992-5fdc-4aba-aff5-6a39bbd7c38b} aComponent={HostWrap} aText={VirtualBox is not currently allowed to access USB devices.  You can change this by adding your user to the 'vboxusers' group.  Please see the user manual for a more detailed explanation}, preserve=true  aResultDetail=0
00:00:11.709451 nspr-3   Saving settings file "/home/archie/.Genymobile/Genymotion/deployed/Samsung Galaxy S10/Samsung Galaxy S10.vbox" with version "1.12-linux"
00:00:11.739327 nspr-3   Saving settings file "/home/archie/.Genymobile/Genymotion/deployed/Samsung Galaxy S10/Samsung Galaxy S10.vbox" with version "1.12-linux"
00:00:11.780305 nspr-3   Saving settings file "/home/archie/.Genymobile/Genymotion/deployed/Samsung Galaxy S10/Samsung Galaxy S10.vbox" with version "1.12-linux"
00:00:11.812164 nspr-2   Saving settings file "/home/archie/.Genymobile/Genymotion/deployed/Samsung Galaxy S10/Samsung Galaxy S10.vbox" with version "1.12-linux"
00:00:11.854932 nspr-2   Saving settings file "/home/archie/.Genymobile/Genymotion/deployed/Samsung Galaxy S10/Samsung Galaxy S10.vbox" with version "1.12-linux"
00:00:11.898728 nspr-3   Saving settings file "/home/archie/.Genymobile/Genymotion/deployed/Samsung Galaxy S10/Samsung Galaxy S10.vbox" with version "1.12-linux"
00:00:11.939938 nspr-3   Saving settings file "/home/archie/.Genymobile/Genymotion/deployed/Samsung Galaxy S10/Samsung Galaxy S10.vbox" with version "1.12-linux"
00:00:11.976543 nspr-3   ERROR [COM]: aRC=VBOX_E_OBJECT_NOT_FOUND (0x80bb0001) aIID={85632c68-b5bb-4316-a900-5eb28d3413df} aComponent={SessionMachine} aText={No storage device attached to device slot 0 on port 1 of controller 'IDEController'}, preserve=false aResultDetail=0
00:00:11.976688 nspr-2   ERROR [COM]: aRC=VBOX_E_OBJECT_NOT_FOUND (0x80bb0001) aIID={85632c68-b5bb-4316-a900-5eb28d3413df} aComponent={SessionMachine} aText={No storage device attached to device slot 0 on port 1 of controller 'IDEController'}, preserve=false aResultDetail=0
00:00:11.976800 nspr-2   ERROR [COM]: aRC=VBOX_E_OBJECT_NOT_FOUND (0x80bb0001) aIID={85632c68-b5bb-4316-a900-5eb28d3413df} aComponent={SessionMachine} aText={No storage device attached to device slot 1 on port 1 of controller 'IDEController'}, preserve=false aResultDetail=0
00:00:11.976896 nspr-2   ERROR [COM]: aRC=VBOX_E_OBJECT_NOT_FOUND (0x80bb0001) aIID={85632c68-b5bb-4316-a900-5eb28d3413df} aComponent={SessionMachine} aText={No storage device attached to device slot 1 on port 1 of controller 'IDEController'}, preserve=false aResultDetail=0
00:00:11.981252 nspr-3   WARNING [COM]: aRC=NS_ERROR_FAILURE (0x80004005) aIID={16ced992-5fdc-4aba-aff5-6a39bbd7c38b} aComponent={HostWrap} aText={VirtualBox is not currently allowed to access USB devices.  You can change this by adding your user to the 'vboxusers' group.  Please see the user manual for a more detailed explanation}, preserve=true  aResultDetail=0
00:00:11.981384 nspr-3   WARNING [COM]: aRC=NS_ERROR_FAILURE (0x80004005) aIID={16ced992-5fdc-4aba-aff5-6a39bbd7c38b} aComponent={HostWrap} aText={VirtualBox is not currently allowed to access USB devices.  You can change this by adding your user to the 'vboxusers' group.  Please see the user manual for a more detailed explanation}, preserve=true  aResultDetail=0
00:00:12.010183 nspr-3   Launched VM: 4227861952 pid: 46415 (0xb54f) frontend: headless name: Samsung Galaxy S10
00:00:12.053669 nspr-4   Saving settings file "/home/archie/.Genymobile/Genymotion/deployed/Samsung Galaxy S10/Samsung Galaxy S10.vbox" with version "1.12-linux"
00:00:12.066733 nspr-3   WARNING [COM]: aRC=NS_ERROR_FAILURE (0x80004005) aIID={16ced992-5fdc-4aba-aff5-6a39bbd7c38b} aComponent={HostWrap} aText={VirtualBox is not currently allowed to access USB devices.  You can change this by adding your user to the 'vboxusers' group.  Please see the user manual for a more detailed explanation}, preserve=true  aResultDetail=0
00:00:12.076974 nspr-4   NetworkServiceRunning: started 'VBoxNetDHCP', pid 0000b55f
00:00:12.200412 nspr-2   ERROR [COM]: aRC=VBOX_E_OBJECT_NOT_FOUND (0x80bb0001) aIID={85632c68-b5bb-4316-a900-5eb28d3413df} aComponent={SessionMachine} aText={No storage device attached to device slot 0 on port 1 of controller 'IDEController'}, preserve=false aResultDetail=0
00:00:12.200542 nspr-2   ERROR [COM]: aRC=VBOX_E_OBJECT_NOT_FOUND (0x80bb0001) aIID={85632c68-b5bb-4316-a900-5eb28d3413df} aComponent={SessionMachine} aText={No storage device attached to device slot 0 on port 1 of controller 'IDEController'}, preserve=false aResultDetail=0
00:00:12.200639 nspr-4   ERROR [COM]: aRC=VBOX_E_OBJECT_NOT_FOUND (0x80bb0001) aIID={85632c68-b5bb-4316-a900-5eb28d3413df} aComponent={SessionMachine} aText={No storage device attached to device slot 1 on port 1 of controller 'IDEController'}, preserve=false aResultDetail=0
00:00:12.200736 nspr-3   ERROR [COM]: aRC=VBOX_E_OBJECT_NOT_FOUND (0x80bb0001) aIID={85632c68-b5bb-4316-a900-5eb28d3413df} aComponent={SessionMachine} aText={No storage device attached to device slot 1 on port 1 of controller 'IDEController'}, preserve=false aResultDetail=0
00:00:12.205199 nspr-2   WARNING [COM]: aRC=NS_ERROR_FAILURE (0x80004005) aIID={16ced992-5fdc-4aba-aff5-6a39bbd7c38b} aComponent={HostWrap} aText={VirtualBox is not currently allowed to access USB devices.  You can change this by adding your user to the 'vboxusers' group.  Please see the user manual for a more detailed explanation}, preserve=true  aResultDetail=0
00:00:12.205324 nspr-4   WARNING [COM]: aRC=NS_ERROR_FAILURE (0x80004005) aIID={16ced992-5fdc-4aba-aff5-6a39bbd7c38b} aComponent={HostWrap} aText={VirtualBox is not currently allowed to access USB devices.  You can change this by adding your user to the 'vboxusers' group.  Please see the user manual for a more detailed explanation}, preserve=true  aResultDetail=0
00:01:28.774752 nspr-3   ERROR [COM]: aRC=VBOX_E_OBJECT_NOT_FOUND (0x80bb0001) aIID={85632c68-b5bb-4316-a900-5eb28d3413df} aComponent={SessionMachine} aText={No storage device attached to device slot 0 on port 1 of controller 'IDEController'}, preserve=false aResultDetail=0
00:01:28.775156 nspr-3   ERROR [COM]: aRC=VBOX_E_OBJECT_NOT_FOUND (0x80bb0001) aIID={85632c68-b5bb-4316-a900-5eb28d3413df} aComponent={SessionMachine} aText={No storage device attached to device slot 0 on port 1 of controller 'IDEController'}, preserve=false aResultDetail=0
00:01:28.775448 nspr-2   ERROR [COM]: aRC=VBOX_E_OBJECT_NOT_FOUND (0x80bb0001) aIID={85632c68-b5bb-4316-a900-5eb28d3413df} aComponent={SessionMachine} aText={No storage device attached to device slot 1 on port 1 of controller 'IDEController'}, preserve=false aResultDetail=0
00:01:28.775554 nspr-4   ERROR [COM]: aRC=VBOX_E_OBJECT_NOT_FOUND (0x80bb0001) aIID={85632c68-b5bb-4316-a900-5eb28d3413df} aComponent={SessionMachine} aText={No storage device attached to device slot 1 on port 1 of controller 'IDEController'}, preserve=false aResultDetail=0
00:01:28.780258 nspr-3   WARNING [COM]: aRC=NS_ERROR_FAILURE (0x80004005) aIID={16ced992-5fdc-4aba-aff5-6a39bbd7c38b} aComponent={HostWrap} aText={VirtualBox is not currently allowed to access USB devices.  You can change this by adding your user to the 'vboxusers' group.  Please see the user manual for a more detailed explanation}, preserve=true  aResultDetail=0
00:01:28.780388 nspr-2   WARNING [COM]: aRC=NS_ERROR_FAILURE (0x80004005) aIID={16ced992-5fdc-4aba-aff5-6a39bbd7c38b} aComponent={HostWrap} aText={VirtualBox is not currently allowed to access USB devices.  You can change this by adding your user to the 'vboxusers' group.  Please see the user manual for a more detailed explanation}, preserve=true  aResultDetail=0
00:01:28.918887 nspr-3   Saving settings file "/home/archie/.Genymobile/Genymotion/deployed/Samsung Galaxy S10/Samsung Galaxy S10.vbox" with version "1.12-linux"
00:01:33.971495 main     VirtualBox: object deletion starts
00:01:33.971548 main     ERROR [COM]: aRC=VBOX_E_OBJECT_IN_USE (0x80bb000c) aIID={ad47ad09-787b-44ab-b343-a082a3f2dfb1} aComponent={MediumWrap} aText={Medium '/home/archie/VirtualBox VMs/Chicago95/Chicago95.vdi' cannot be closed because it is still attached to 1 virtual machines}, preserve=false aResultDetail=0
00:01:33.971709 main     ERROR [COM]: aRC=VBOX_E_OBJECT_IN_USE (0x80bb000c) aIID={ad47ad09-787b-44ab-b343-a082a3f2dfb1} aComponent={MediumWrap} aText={Medium '/home/archie/.Genymobile/Genymotion/deployed/Samsung Galaxy Note 2/Snapshots/{3a02bfd3-3802-454a-bd8b-0a4829c191f8}.vmdk' cannot be closed because it is still attached to 1 virtual machines}, preserve=false aResultDetail=0
00:01:33.971731 main     ERROR [COM]: aRC=VBOX_E_OBJECT_IN_USE (0x80bb000c) aIID={ad47ad09-787b-44ab-b343-a082a3f2dfb1} aComponent={MediumWrap} aText={Medium '/home/archie/.Genymobile/Genymotion/deployed/Samsung Galaxy Note 2/android_system_disk.vmdk' cannot be closed because it is still attached to 1 virtual machines}, preserve=false aResultDetail=0
00:01:33.971762 main     ERROR [COM]: aRC=VBOX_E_OBJECT_IN_USE (0x80bb000c) aIID={ad47ad09-787b-44ab-b343-a082a3f2dfb1} aComponent={MediumWrap} aText={Medium '/home/archie/.Genymobile/Genymotion/deployed/Samsung Galaxy Note 2/Snapshots/{42658ddd-e57b-4d55-9015-6e17b9c9cd00}.vmdk' cannot be closed because it is still attached to 1 virtual machines}, preserve=false aResultDetail=0
00:01:33.971777 main     ERROR [COM]: aRC=VBOX_E_OBJECT_IN_USE (0x80bb000c) aIID={ad47ad09-787b-44ab-b343-a082a3f2dfb1} aComponent={MediumWrap} aText={Medium '/home/archie/.Genymobile/Genymotion/deployed/Samsung Galaxy Note 2/android_data_disk.vmdk' cannot be closed because it is still attached to 1 virtual machines}, preserve=false aResultDetail=0
00:01:33.971979 main     ERROR [COM]: aRC=VBOX_E_OBJECT_IN_USE (0x80bb000c) aIID={ad47ad09-787b-44ab-b343-a082a3f2dfb1} aComponent={MediumWrap} aText={Medium '/home/archie/.Genymobile/Genymotion/deployed/Samsung Galaxy S10/Snapshots/{a78c01d5-4a97-49b0-9026-b6f7c183ad38}.vmdk' cannot be closed because it is still attached to 1 virtual machines}, preserve=false aResultDetail=0
00:01:33.971996 main     ERROR [COM]: aRC=VBOX_E_OBJECT_IN_USE (0x80bb000c) aIID={ad47ad09-787b-44ab-b343-a082a3f2dfb1} aComponent={MediumWrap} aText={Medium '/home/archie/.Genymobile/Genymotion/deployed/Samsung Galaxy S10/genymotion_system_disk.vmdk' cannot be closed because it is still attached to 1 virtual machines}, preserve=false aResultDetail=0
00:01:33.972010 main     ERROR [COM]: aRC=VBOX_E_OBJECT_IN_USE (0x80bb000c) aIID={ad47ad09-787b-44ab-b343-a082a3f2dfb1} aComponent={MediumWrap} aText={Medium '/home/archie/.Genymobile/Genymotion/deployed/Samsung Galaxy S10/Snapshots/{0c8f391a-736f-4d40-bd22-dc78ac79bae2}.vmdk' cannot be closed because it is still attached to 1 virtual machines}, preserve=false aResultDetail=0
00:01:33.972023 main     ERROR [COM]: aRC=VBOX_E_OBJECT_IN_USE (0x80bb000c) aIID={ad47ad09-787b-44ab-b343-a082a3f2dfb1} aComponent={MediumWrap} aText={Medium '/home/archie/.Genymobile/Genymotion/deployed/Samsung Galaxy S10/genymotion_data_disk.vmdk' cannot be closed because it is still attached to 1 virtual machines}, preserve=false aResultDetail=0
00:01:33.972285 main     NetworkServiceRunning: killing VBoxNetDHCP, pid 0000b55f...
00:01:34.013569 main     HostDnsMonitor: shutting down ...
00:01:34.026315 main     HostDnsMonitor: shut down
00:01:34.471494 Watcher  ERROR [COM]: aRC=E_ACCESSDENIED (0x80070005) aIID={d0a0163f-e254-4e5b-a1f2-011cf991c38d} aComponent={VirtualBoxWrap} aText={The object is not ready}, preserve=false aResultDetail=0
00:01:39.026418 main     {00007fba00016010} HostPowerServiceLinux::~HostPowerServiceLinux: RTThreadWait() for 5000 ms failed with VERR_TIMEOUT
00:01:39.026645 main     VirtualBox: object deleted
