Looking for git in: git
Using git 2.32.0 from git
> git rev-parse --git-dir
Open repository: /home/archie/gitclones/Prismatic-Night
> git status -z -u
> git symbolic-ref --short HEAD
> git for-each-ref --format=%(refname)%00%(upstream:short)%00%(objectname)%00%(upstream:track) refs/heads/master refs/remotes/master
> git for-each-ref --sort -committerdate --format %(refname) %(objectname) %(*objectname)
> git remote --verbose
Warning: Failed to watch ref '/home/archie/gitclones/Prismatic-Night/.git/refs/remotes/origin/master', is most likely packed.
> git config --get commit.template
> git show --textconv :firefox/chrome/userContent.css
> git ls-files --stage -- /home/archie/gitclones/Prismatic-Night/firefox/chrome/userContent.css
> git cat-file -s 02959293945e27cd83808c05f50dc3c0493f8a6f
> git check-ignore -v -z --stdin
Opening repository for path='/etc/X11/xinit' failed; ex=Failed to execute git {
  "exitCode": 128,
  "gitErrorCode": "NotAGitRepository",
  "gitCommand": "rev-parse",
  "stdout": "",
  "stderr": "fatal: not a git repository (or any of the parent directories): .git\n"
}
> git show --textconv :firefox/chrome/userContent.css
> git ls-files --stage -- /home/archie/gitclones/Prismatic-Night/firefox/chrome/userContent.css
> git cat-file -s 02959293945e27cd83808c05f50dc3c0493f8a6f
